Worker listening on port Web Monitor listening on port 50018081

Leader connected.
[RAFT] Heartbeat received.
[RAFT] Heartbeat received.
[RAFT] Heartbeat received.
[RAFT] Heartbeat received.
[WORKER] Received data chunk. Processing...
[WORKER] Processed 2500 items. Result: 0.334394
[RAFT] Heartbeat received.
[RAFT] Heartbeat received.
[RAFT] Heartbeat received.
[RAFT] Heartbeat received.
[RAFT] Heartbeat received.
[RAFT] Heartbeat received.
[RAFT] Heartbeat received.
[RAFT] Heartbeat received.
[RAFT] Heartbeat received.
[RAFT] Heartbeat received.
[RAFT] Heartbeat received.
[RAFT] Heartbeat received.
[RAFT] Heartbeat received.
[RAFT] Heartbeat received.
[RAFT] Heartbeat received.
[RAFT] Heartbeat received.
[RAFT] Heartbeat received.
[RAFT] Heartbeat received.
[RAFT] Heartbeat received.
[RAFT] Heartbeat received.
[RAFT] Heartbeat received.
[RAFT] Heartbeat received.
[RAFT] Heartbeat received.
[RAFT] Heartbeat received.
[RAFT] Heartbeat received.
[RAFT] Heartbeat received.
[RAFT] Heartbeat received.
[RAFT] Heartbeat received.
[RAFT] Heartbeat received.
[RAFT] Heartbeat received.
[RAFT] Heartbeat received.
[RAFT] Heartbeat received.
[RAFT] Heartbeat received.
[RAFT] Heartbeat received.
[RAFT] Heartbeat received.
[RAFT] Heartbeat received.
[RAFT] Heartbeat received.
[RAFT] Heartbeat received.
[RAFT] Heartbeat received.
[RAFT] Heartbeat received.
[RAFT] Heartbeat received.
[RAFT] Heartbeat received.
[RAFT] Heartbeat received.
[RAFT] Heartbeat received.
[RAFT] Heartbeat received.
[RAFT] Heartbeat received.
[RAFT] Heartbeat received.
[RAFT] Heartbeat received.
[RAFT] Heartbeat received.
[RAFT] Heartbeat received.
[RAFT] Heartbeat received.
[RAFT] Heartbeat received.
[RAFT] Heartbeat received.
[RAFT] Heartbeat received.
[RAFT] Heartbeat received.
[RAFT] Heartbeat received.
[RAFT] Heartbeat received.
[RAFT] Heartbeat received.
[RAFT] Heartbeat received.
[RAFT] Heartbeat received.
[RAFT] Heartbeat received.
[WORKER] Received data chunk. Processing...
[WORKER] Processed 2500 items. Result: 0.327025
[RAFT] Heartbeat received.
[RAFT] Heartbeat received.
[RAFT] Heartbeat received.
[RAFT] Heartbeat received.
[RAFT] Heartbeat received.
[RAFT] Heartbeat received.
[RAFT] Heartbeat received.
[RAFT] Heartbeat received.
[RAFT] Heartbeat received.
[RAFT] Heartbeat received.
[RAFT] Heartbeat received.
[RAFT] Heartbeat received.
[RAFT] Heartbeat received.
[RAFT] Heartbeat received.
[RAFT] Heartbeat received.
[RAFT] Heartbeat received.
[RAFT] Heartbeat received.
[RAFT] Heartbeat received.
[RAFT] Heartbeat received.
[RAFT] Heartbeat received.
[RAFT] Heartbeat received.
[RAFT] Heartbeat received.
[RAFT] Heartbeat received.
[RAFT] Heartbeat received.
[RAFT] Heartbeat received.
[RAFT] Heartbeat received.
[RAFT] Heartbeat received.
[RAFT] Heartbeat received.
[RAFT] Heartbeat received.
[RAFT] Heartbeat received.
[RAFT] Heartbeat received.
[RAFT] Heartbeat received.
[RAFT] Heartbeat received.
[RAFT] Heartbeat received.
[RAFT] Heartbeat received.
[RAFT] Heartbeat received.
[RAFT] Heartbeat received.
[RAFT] Heartbeat received.
[RAFT] Heartbeat received.
[RAFT] Heartbeat received.
[RAFT] Heartbeat received.
[RAFT] Heartbeat received.
[RAFT] Heartbeat received.
[RAFT] Heartbeat received.
[RAFT] Heartbeat received.
[RAFT] Heartbeat received.
[RAFT] Heartbeat received.
[RAFT] Heartbeat received.
[RAFT] Heartbeat received.
[RAFT] Heartbeat received.
[RAFT] Heartbeat received.
[RAFT] Heartbeat received.
[RAFT] Heartbeat received.
[RAFT] Heartbeat received.
[RAFT] Heartbeat received.
[RAFT] Heartbeat received.
[RAFT] Heartbeat received.
[RAFT] Heartbeat received.
[RAFT] Heartbeat received.
[RAFT] Heartbeat received.
[RAFT] Heartbeat received.
[RAFT] Heartbeat received.
[RAFT] Heartbeat received.
[RAFT] Heartbeat received.
[RAFT] Heartbeat received.
[RAFT] Heartbeat received.
[RAFT] Heartbeat received.
